<?xml version="1.0" encoding="UTF-8"?>
<testsuite name="Tests" tests="9" skipped="0" failures="0" errors="0" timestamp="2022-04-10T22:28:09" hostname="CHAVI" time="0.125">
  <properties/>
  <testcase name="test1()" classname="Tests" time="0.075"/>
  <testcase name="test2()" classname="Tests" time="0.009"/>
  <testcase name="test3()" classname="Tests" time="0.008"/>
  <testcase name="test4()" classname="Tests" time="0.004"/>
  <testcase name="test5()" classname="Tests" time="0.003"/>
  <testcase name="test6()" classname="Tests" time="0.004"/>
  <testcase name="test7()" classname="Tests" time="0.004"/>
  <testcase name="test8()" classname="Tests" time="0.006"/>
  <testcase name="test9()" classname="Tests" time="0.004"/>
  <system-out><![CDATA[AAA BB CCCC D
AAAA B CC DDDD
A CCC DDD
AA DD
transpose: true

AAA        BB         CCCC       D         
AAAA       B          CC         DDDD      
A          CCC        DDD       
AA         DD        
transpose and -t: true

       AAA         BB       CCCC          D
      AAAA          B         CC       DDDD
         A        CCC        DDD
        AA         DD
transpose and -r: true

AAA   BB    CCCC  D    
AAAA  B     CC    DDDD 
A     CCC   DDD  
AA    DD   
transpose and -a: true

AA BB CC D 
AA B  CC DD
A  CC DD
AA DD
transpose, -a and -t: true

AAA  BB CCC   D
AAA   B  CC DDD
  A CCC DDD
 AA  DD
transpose, -a, -t and -r: true

all flags: true

mixed letters: true

real words: true

]]></system-out>
  <system-err><![CDATA[]]></system-err>
</testsuite>
